<?xml version="1.0" encoding="utf-8" standalone="no"?>
<!--This file represents the results of running a test suite-->
<test-results name="C:\projects\poker\output\poker.tests.dll" total="1" errors="0" failures="0" not-run="0" inconclusive="0" ignored="0" skipped="0" invalid="0" date="2012-07-24" time="14:48:54">
  <environment nunit-version="2.6.0.12051" clr-version="2.0.50727.4971" os-version="Microsoft Windows NT 6.1.7600.0" platform="Win32NT" cwd="C:\projects\poker" machine-name="BYRON-PC" user="Administrator" user-domain="Byron-PC" />
  <culture-info current-culture="en-US" current-uiculture="en-US" />
  <test-suite type="Assembly" name="C:\projects\poker\output\poker.tests.dll" executed="True" result="Success" success="True" time="0.156" asserts="0">
    <results>
      <test-suite type="Namespace" name="poker" executed="True" result="Success" success="True" time="0.135" asserts="0">
        <results>
          <test-suite type="Namespace" name="tests" executed="True" result="Success" success="True" time="0.134" asserts="0">
            <results>
              <test-suite type="TestFixture" name="CardTest" executed="True" result="Success" success="True" time="0.131" asserts="0">
                <results>
                  <test-case name="poker.tests.CardTest.a_card_has_a_suit" executed="True" result="Success" success="True" time="0.114" asserts="1" />
                </results>
              </test-suite>
            </results>
          </test-suite>
        </results>
      </test-suite>
    </results>
  </test-suite>
</test-results>